11-02 15:01 root         INFO     Login 10.92.27.31 Username: root start.
11-02 15:01 paramiko.transport INFO     Connected (version 2.0, client OpenSSH_5.3)
11-02 15:01 paramiko.transport INFO     Auth banner: You are about to access a private system. This system is for use of
authorized users only. All connections are logged. Any unauthorized
access or access attempts are punishable to the fullest extent of 
local legislation.


11-02 15:01 paramiko.transport INFO     Authentication (password) successful!
11-02 15:01 root         INFO     Login 10.92.27.31 Username: root done.
11-02 15:01 root         INFO     Open mediation trace log start.
11-02 15:01 root         INFO     Get common_mediation server hostname start.
11-02 15:01 root         INFO     Get common_mediation server hostname done.
11-02 15:01 root         INFO     Get IP for service hostname start.
11-02 15:01 root         INFO     Get host from clab252node15 start.
11-02 15:01 root         INFO     ip>>>10.92.27.28
11-02 15:01 root         INFO     Get host from clab252node15 done.
11-02 15:01 root         INFO     Get host from clab252node14 start.
11-02 15:01 root         INFO     ip>>>10.92.27.27
11-02 15:01 root         INFO     Get host from clab252node14 done.
11-02 15:01 root         INFO     Get IP for service hostname done.
11-02 15:01 root         INFO     Download log configure file to local start.
11-02 15:01 paramiko.transport INFO     Connected (version 2.0, client OpenSSH_5.3)
11-02 15:01 paramiko.transport INFO     Auth banner: You are about to access a private system. This system is for use of
authorized users only. All connections are logged. Any unauthorized
access or access attempts are punishable to the fullest extent of 
local legislation.


11-02 15:01 paramiko.transport INFO     Authentication (password) successful!
11-02 15:01 paramiko.transport.sftp INFO     [chan 1] Opened sftp connection (server version 3)
11-02 15:01 paramiko.transport.sftp INFO     [chan 1] sftp session closed.
11-02 15:01 root         INFO     Download log configure file to local done.
11-02 15:01 root         INFO     Start trace log in log4j.xml start.
11-02 15:01 root         INFO     Parse common mediation configure xml file start.
11-02 15:01 root         INFO     Parse common mediation configure xml file done.
11-02 15:01 root         INFO     Start trace log in log4j.xml done.
11-02 15:01 root         INFO     Open the common mediation trace log in 10.92.27.28 start.
11-02 15:01 root         INFO     Upload log configure file to host 10.92.27.28 start.
11-02 15:02 paramiko.transport INFO     Connected (version 2.0, client OpenSSH_5.3)
11-02 15:02 paramiko.transport INFO     Auth banner: You are about to access a private system. This system is for use of
authorized users only. All connections are logged. Any unauthorized
access or access attempts are punishable to the fullest extent of 
local legislation.


11-02 15:02 paramiko.transport INFO     Authentication (password) successful!
11-02 15:02 paramiko.transport.sftp INFO     [chan 1] Opened sftp connection (server version 3)
11-02 15:02 paramiko.transport.sftp INFO     [chan 1] sftp session closed.
11-02 15:02 root         INFO     Login 10.92.27.28 Username: root start.
11-02 15:02 paramiko.transport INFO     Connected (version 2.0, client OpenSSH_5.3)
11-02 15:02 paramiko.transport INFO     Auth banner: You are about to access a private system. This system is for use of
authorized users only. All connections are logged. Any unauthorized
access or access attempts are punishable to the fullest extent of 
local legislation.


11-02 15:02 paramiko.transport INFO     Authentication (password) successful!
11-02 15:02 root         INFO     Login 10.92.27.28 Username: root done.
11-02 15:02 root         INFO     Upload log configure file to host 10.92.27.28 done.
11-02 15:02 root         INFO     Open the common mediation trace log in 10.92.27.28 done.
11-02 15:02 root         INFO     Open the common mediation trace log in 10.92.27.27 start.
11-02 15:02 root         INFO     Upload log configure file to host 10.92.27.27 start.
11-02 15:02 paramiko.transport INFO     Connected (version 2.0, client OpenSSH_5.3)
11-02 15:02 paramiko.transport INFO     Auth banner: You are about to access a private system. This system is for use of
authorized users only. All connections are logged. Any unauthorized
access or access attempts are punishable to the fullest extent of 
local legislation.


11-02 15:02 paramiko.transport INFO     Authentication (password) successful!
11-02 15:02 paramiko.transport.sftp INFO     [chan 1] Opened sftp connection (server version 3)
11-02 15:02 paramiko.transport.sftp INFO     [chan 1] sftp session closed.
11-02 15:02 root         INFO     Login 10.92.27.27 Username: root start.
11-02 15:02 paramiko.transport INFO     Connected (version 2.0, client OpenSSH_5.3)
11-02 15:02 paramiko.transport INFO     Auth banner: You are about to access a private system. This system is for use of
authorized users only. All connections are logged. Any unauthorized
access or access attempts are punishable to the fullest extent of 
local legislation.


11-02 15:02 paramiko.transport INFO     Authentication (password) successful!
11-02 15:02 root         INFO     Login 10.92.27.27 Username: root done.
11-02 15:02 root         INFO     Upload log configure file to host 10.92.27.27 done.
11-02 15:02 root         INFO     Open the common mediation trace log in 10.92.27.27 done.
11-02 15:02 root         INFO     Get fm_pipe server hostname start.
11-02 15:02 root         INFO     Get fm_pipe server hostname done.
11-02 15:02 root         INFO     Get IP for service hostname start.
11-02 15:02 root         INFO     Get host from clab252node16 start.
11-02 15:02 root         INFO     ip>>>10.92.27.29
11-02 15:02 root         INFO     Get host from clab252node16 done.
11-02 15:02 root         INFO     Get host from clab252node17 start.
11-02 15:02 root         INFO     ip>>>10.92.27.30
11-02 15:02 root         INFO     Get host from clab252node17 done.
11-02 15:02 root         INFO     Get IP for service hostname done.
11-02 15:02 root         INFO     Open the gep mediation trace log in 10.92.27.29 start
11-02 15:02 root         INFO     Change the gep log level in 10.92.27.29 start.
11-02 15:02 root         INFO     Login 10.92.27.29 Username: root start.
11-02 15:02 paramiko.transport INFO     Connected (version 2.0, client OpenSSH_5.3)
11-02 15:02 paramiko.transport INFO     Auth banner: You are about to access a private system. This system is for use of
authorized users only. All connections are logged. Any unauthorized
access or access attempts are punishable to the fullest extent of 
local legislation.


11-02 15:02 paramiko.transport INFO     Authentication (password) successful!
11-02 15:02 root         INFO     Login 10.92.27.29 Username: root done.
11-02 15:02 root         INFO     Change the gep log level in 10.92.27.29 done.
11-02 15:02 root         INFO     Open the gep mediation trace log in 10.92.27.29 done
11-02 15:02 root         INFO     Open the gep mediation trace log in 10.92.27.30 start
11-02 15:02 root         INFO     Change the gep log level in 10.92.27.30 start.
11-02 15:02 root         INFO     Login 10.92.27.30 Username: root start.
11-02 15:02 paramiko.transport INFO     Connected (version 2.0, client OpenSSH_5.3)
11-02 15:02 paramiko.transport INFO     Auth banner: You are about to access a private system. This system is for use of
authorized users only. All connections are logged. Any unauthorized
access or access attempts are punishable to the fullest extent of 
local legislation.


11-02 15:02 paramiko.transport INFO     Authentication (password) successful!
11-02 15:02 root         INFO     Login 10.92.27.30 Username: root done.
11-02 15:02 root         INFO     Change the gep log level in 10.92.27.30 done.
11-02 15:02 root         INFO     Open the gep mediation trace log in 10.92.27.30 done
11-02 15:02 root         INFO     Open mediation trace log done.
11-02 15:02 root         INFO     Start watch logs start.
11-02 15:02 root         INFO     Watch common_mediation log start.
11-02 15:02 root         INFO     start watch log in clab252node15:10.92.27.28
11-02 15:02 root         INFO     Login 10.92.27.28 Username: root start.
11-02 15:02 paramiko.transport INFO     Connected (version 2.0, client OpenSSH_5.3)
11-02 15:02 paramiko.transport INFO     Auth banner: You are about to access a private system. This system is for use of
authorized users only. All connections are logged. Any unauthorized
access or access attempts are punishable to the fullest extent of 
local legislation.


11-02 15:02 paramiko.transport INFO     Authentication (password) successful!
11-02 15:02 root         INFO     Login 10.92.27.28 Username: root done.
11-02 15:02 root         INFO     start watch log in clab252node14:10.92.27.27
11-02 15:02 root         INFO     Login 10.92.27.27 Username: root start.
11-02 15:02 paramiko.transport INFO     Connected (version 2.0, client OpenSSH_5.3)
11-02 15:02 paramiko.transport INFO     Auth banner: You are about to access a private system. This system is for use of
authorized users only. All connections are logged. Any unauthorized
access or access attempts are punishable to the fullest extent of 
local legislation.


11-02 15:02 paramiko.transport INFO     Authentication (password) successful!
11-02 15:02 root         INFO     Login 10.92.27.27 Username: root done.
11-02 15:02 root         INFO     Watch common_mediation log done.
11-02 15:02 root         INFO     Watch gep log start.
11-02 15:02 root         INFO     start watch log in clab252node16:10.92.27.29
11-02 15:02 root         INFO     Login 10.92.27.29 Username: root start.
11-02 15:02 paramiko.transport INFO     Connected (version 2.0, client OpenSSH_5.3)
11-02 15:02 paramiko.transport INFO     Auth banner: You are about to access a private system. This system is for use of
authorized users only. All connections are logged. Any unauthorized
access or access attempts are punishable to the fullest extent of 
local legislation.


11-02 15:02 paramiko.transport INFO     Authentication (password) successful!
11-02 15:02 root         INFO     Login 10.92.27.29 Username: root done.
11-02 15:02 root         INFO     start watch log in clab252node17:10.92.27.30
11-02 15:02 root         INFO     Login 10.92.27.30 Username: root start.
11-02 15:02 paramiko.transport INFO     Connected (version 2.0, client OpenSSH_5.3)
11-02 15:02 paramiko.transport INFO     Auth banner: You are about to access a private system. This system is for use of
authorized users only. All connections are logged. Any unauthorized
access or access attempts are punishable to the fullest extent of 
local legislation.


11-02 15:02 paramiko.transport INFO     Authentication (password) successful!
11-02 15:02 root         INFO     Login 10.92.27.30 Username: root done.
11-02 15:02 root         INFO     Watch gep log done.
11-02 15:02 root         INFO     Start watch logs done.
11-02 15:02 root         INFO     Integrate SBTS start.
11-02 15:02 root         INFO     Login 10.92.27.31 Username: omc1 start.
11-02 15:02 paramiko.transport INFO     Connected (version 2.0, client OpenSSH_5.3)
11-02 15:02 paramiko.transport INFO     Auth banner: You are about to access a private system. This system is for use of
authorized users only. All connections are logged. Any unauthorized
access or access attempts are punishable to the fullest extent of 
local legislation.


11-02 15:02 paramiko.transport INFO     Authentication (password) successful!
11-02 15:02 root         INFO     Login 10.92.27.31 Username: omc1 done.
11-02 15:02 root         INFO     Create MR object start.
11-02 15:02 root         INFO     Get create objects start.
11-02 15:02 robotThreadLog DEBUG    15:02:47.059 | C:\Users\kshao\Project_Tools\oss_radiact_tools\oss_radio_tools_lib\NetAct\ZSI\client.py:309:SendSOAPData | SOAP request content: <SOAP-ENV:Envelope xmlns:SOAP-ENC="http://schemas.xmlsoap.org/soap/encoding/" xmlns:SOAP-ENV="http://schemas.xmlsoap.org/soap/envelope/" xmlns:ZSI="http://www.zolera.com/schemas/ZSI/" xmlns:xsd="http://www.w3.org/2001/XMLSchema" xmlns:xsi="http://www.w3.org/2001/XMLSchema-instance"><SOAP-ENV:Header></SOAP-ENV:Header><SOAP-ENV:Body xmlns:ns1="http://www.nsn.com/schemas/public/oss/nasda/ws-api/persistency/operations"><ns1:GetMOsRequest><ns1:moId>MRC-SBTS</ns1:moId></ns1:GetMOsRequest></SOAP-ENV:Body></SOAP-ENV:Envelope>
11-02 15:02 robotThreadLog DEBUG    15:02:47.477 | C:\Users\kshao\Project_Tools\oss_radiact_tools\oss_radio_tools_lib\NetAct\ZSI\client.py:450:ReceiveSOAP | <?xml version="1.0" encoding="utf-8"?><soapenv:Envelope xmlns:soapenv="http://schemas.xmlsoap.org/soap/envelope/"><soapenv:Body><GetMOsResponse xmlns:a="http://www.nsn.com/schemas/public/oss/nasda/ws-api/persistency/query" xmlns:b="http://www.nsn.com/schemas/public/oss/nasda/ws-api/persistency/metadata" xmlns:c="http://www.nsn.com/schemas/public/oss/nasda/ws-api/persistency/model" xmlns:d="http://www.nsn.com/schemas/public/oss/nasda/ws-api/common" xmlns="http://www.nsn.com/schemas/public/oss/nasda/ws-api/persistency/operations"><d:errorCode>OK</d:errorCode><result><batchItemMOResult><d:errorCode>OK</d:errorCode><c:managedObject c:metaClass="com.nsn.netact.nasda.common:MRC" c:metaVersion="1.0" c:moId="MRC-SBTS"></c:managedObject></batchItemMOResult></result></GetMOsResponse></soapenv:Body></soapenv:Envelope>
11-02 15:02 robotThreadLog DEBUG    15:02:47.657 | C:\Users\kshao\Project_Tools\oss_radiact_tools\oss_radio_tools_lib\NetAct\ZSI\client.py:309:SendSOAPData | SOAP request content: <SOAP-ENV:Envelope xmlns:SOAP-ENC="http://schemas.xmlsoap.org/soap/encoding/" xmlns:SOAP-ENV="http://schemas.xmlsoap.org/soap/envelope/" xmlns:ZSI="http://www.zolera.com/schemas/ZSI/" xmlns:xsd="http://www.w3.org/2001/XMLSchema" xmlns:xsi="http://www.w3.org/2001/XMLSchema-instance"><SOAP-ENV:Header></SOAP-ENV:Header><SOAP-ENV:Body xmlns:ns1="http://www.nsn.com/schemas/public/oss/nasda/ws-api/persistency/operations"><ns1:GetMOsRequest><ns1:moId>MRC-SBTS/MR-Radiact_keane</ns1:moId></ns1:GetMOsRequest></SOAP-ENV:Body></SOAP-ENV:Envelope>
11-02 15:02 robotThreadLog DEBUG    15:02:48.019 | C:\Users\kshao\Project_Tools\oss_radiact_tools\oss_radio_tools_lib\NetAct\ZSI\client.py:450:ReceiveSOAP | <?xml version="1.0" encoding="utf-8"?><soapenv:Envelope xmlns:soapenv="http://schemas.xmlsoap.org/soap/envelope/"><soapenv:Body><GetMOsResponse xmlns:a="http://www.nsn.com/schemas/public/oss/nasda/ws-api/persistency/query" xmlns:b="http://www.nsn.com/schemas/public/oss/nasda/ws-api/persistency/metadata" xmlns:c="http://www.nsn.com/schemas/public/oss/nasda/ws-api/persistency/model" xmlns:d="http://www.nsn.com/schemas/public/oss/nasda/ws-api/common" xmlns="http://www.nsn.com/schemas/public/oss/nasda/ws-api/persistency/operations"><d:errorCode>OK</d:errorCode><result><batchItemMOResult><d:errorCode>OK</d:errorCode><c:managedObject c:metaClass="com.nsn.netact.nasda.common:MR" c:metaVersion="1.0" c:moId="MRC-SBTS/MR-Radiact_keane"></c:managedObject></batchItemMOResult></result></GetMOsResponse></soapenv:Body></soapenv:Envelope>
11-02 15:02 root         INFO     Get create objects done.
11-02 15:02 root         INFO     Create MR object done.
11-02 15:02 root         INFO     Generate NEIW configure file start.
11-02 15:02 root         INFO     Copy NEIW configure file to work directory start.
11-02 15:02 root         INFO     Check template file exist start.
11-02 15:02 root         INFO     Check template file exist done.
11-02 15:02 root         INFO     Copy NEIW configure file to work directory done.
11-02 15:02 root         INFO     Parse NEIW configure xml file start.
11-02 15:02 root         INFO     Parse NEIW configure xml file done.
11-02 15:02 root         INFO     Add agent to configure file start.
11-02 15:02 root         INFO     Add agent to configure file done.
11-02 15:02 root         INFO     Add MR to NEIW configure file start.
11-02 15:02 root         INFO     Add MR to NEIW configure file one.
11-02 15:02 root         INFO     Add MO information to configure file start.
11-02 15:02 root         INFO     Add MO information to configure file done.
11-02 15:02 root         INFO     Save NEIW configure file start.
11-02 15:02 root         INFO     Save NEIW configure file done.
11-02 15:02 root         INFO     Generate NEIW configure file done.
11-02 15:02 root         INFO     Login 10.92.27.31 Username: omc1 start.
11-02 15:02 paramiko.transport INFO     Connected (version 2.0, client OpenSSH_5.3)
11-02 15:02 paramiko.transport INFO     Auth banner: You are about to access a private system. This system is for use of
authorized users only. All connections are logged. Any unauthorized
access or access attempts are punishable to the fullest extent of 
local legislation.


11-02 15:02 paramiko.transport INFO     Authentication (password) successful!
11-02 15:02 root         INFO     Login 10.92.27.31 Username: omc1 done.
11-02 15:02 root         INFO     Execute integration operation start.
11-02 15:02 paramiko.transport INFO     Connected (version 2.0, client OpenSSH_5.3)
11-02 15:02 paramiko.transport INFO     Auth banner: You are about to access a private system. This system is for use of
authorized users only. All connections are logged. Any unauthorized
access or access attempts are punishable to the fullest extent of 
local legislation.


11-02 15:02 paramiko.transport INFO     Authentication (password) successful!
11-02 15:02 paramiko.transport.sftp INFO     [chan 1] Opened sftp connection (server version 3)
11-02 15:02 paramiko.transport.sftp INFO     [chan 1] sftp session closed.
11-02 15:02 root         ERROR    1
11-02 15:02 root         ERROR    Execute command chown omc  /opt/WebSphere/AppClient/configuration/org.eclipse.osgi/bundles/42/data/com.ibm.ws.runtime.mqjms/META-INF/MANIFEST.MF failed.
Reason:
11-02 15:02 root         ERROR    chown: changing ownership of `/opt/WebSphere/AppClient/configuration/org.eclipse.osgi/bundles/42/data/com.ibm.ws.runtime.mqjms/META-INF/MANIFEST.MF': Operation not permitted

11-02 15:02 root         INFO     Stop watch logs start.
11-02 15:02 root         INFO     Stop watch log in 10.92.27.28
11-02 15:02 root         INFO     Login 10.92.27.28 Username: root start.
11-02 15:02 paramiko.transport INFO     Connected (version 2.0, client OpenSSH_5.3)
11-02 15:02 paramiko.transport INFO     Auth banner: You are about to access a private system. This system is for use of
authorized users only. All connections are logged. Any unauthorized
access or access attempts are punishable to the fullest extent of 
local legislation.


11-02 15:02 paramiko.transport INFO     Authentication (password) successful!
11-02 15:02 root         INFO     Login 10.92.27.28 Username: root done.
11-02 15:02 root         INFO     Stop watch log in 10.92.27.27
11-02 15:02 root         INFO     Login 10.92.27.27 Username: root start.
11-02 15:02 paramiko.transport INFO     Connected (version 2.0, client OpenSSH_5.3)
11-02 15:02 paramiko.transport INFO     Auth banner: You are about to access a private system. This system is for use of
authorized users only. All connections are logged. Any unauthorized
access or access attempts are punishable to the fullest extent of 
local legislation.


11-02 15:02 paramiko.transport INFO     Authentication (password) successful!
11-02 15:02 root         INFO     Login 10.92.27.27 Username: root done.
11-02 15:02 root         INFO     Stop watch log in 10.92.27.29
11-02 15:02 root         INFO     Login 10.92.27.29 Username: root start.
11-02 15:03 paramiko.transport INFO     Connected (version 2.0, client OpenSSH_5.3)
11-02 15:03 paramiko.transport INFO     Auth banner: You are about to access a private system. This system is for use of
authorized users only. All connections are logged. Any unauthorized
access or access attempts are punishable to the fullest extent of 
local legislation.


11-02 15:03 paramiko.transport INFO     Authentication (password) successful!
11-02 15:03 root         INFO     Login 10.92.27.29 Username: root done.
11-02 15:03 root         INFO     Stop watch log in 10.92.27.30
11-02 15:03 root         INFO     Login 10.92.27.30 Username: root start.
11-02 15:03 paramiko.transport INFO     Connected (version 2.0, client OpenSSH_5.3)
11-02 15:03 paramiko.transport INFO     Auth banner: You are about to access a private system. This system is for use of
authorized users only. All connections are logged. Any unauthorized
access or access attempts are punishable to the fullest extent of 
local legislation.


11-02 15:03 paramiko.transport INFO     Authentication (password) successful!
11-02 15:03 root         INFO     Login 10.92.27.30 Username: root done.
11-02 15:03 root         INFO     Stop watch logs done.
11-02 15:03 root         INFO     Download logs start.
11-02 15:03 root         INFO     Down logs in 10.92.27.28
11-02 15:03 paramiko.transport INFO     Connected (version 2.0, client OpenSSH_5.3)
11-02 15:03 paramiko.transport INFO     Auth banner: You are about to access a private system. This system is for use of
authorized users only. All connections are logged. Any unauthorized
access or access attempts are punishable to the fullest extent of 
local legislation.


11-02 15:03 paramiko.transport INFO     Authentication (password) successful!
11-02 15:03 paramiko.transport.sftp INFO     [chan 1] Opened sftp connection (server version 3)
11-02 15:03 paramiko.transport.sftp INFO     [chan 1] sftp session closed.
11-02 15:03 paramiko.transport INFO     Connected (version 2.0, client OpenSSH_5.3)
11-02 15:03 paramiko.transport INFO     Auth banner: You are about to access a private system. This system is for use of
authorized users only. All connections are logged. Any unauthorized
access or access attempts are punishable to the fullest extent of 
local legislation.


11-02 15:03 paramiko.transport INFO     Authentication (password) successful!
11-02 15:03 paramiko.transport.sftp INFO     [chan 1] Opened sftp connection (server version 3)
11-02 15:03 paramiko.transport.sftp INFO     [chan 1] sftp session closed.
11-02 15:03 paramiko.transport INFO     Connected (version 2.0, client OpenSSH_5.3)
11-02 15:03 paramiko.transport INFO     Auth banner: You are about to access a private system. This system is for use of
authorized users only. All connections are logged. Any unauthorized
access or access attempts are punishable to the fullest extent of 
local legislation.


11-02 15:03 paramiko.transport INFO     Authentication (password) successful!
11-02 15:03 paramiko.transport.sftp INFO     [chan 1] Opened sftp connection (server version 3)
11-02 15:03 paramiko.transport.sftp INFO     [chan 1] sftp session closed.
11-02 15:03 root         INFO     Down logs in 10.92.27.27
11-02 15:03 paramiko.transport INFO     Connected (version 2.0, client OpenSSH_5.3)
11-02 15:03 paramiko.transport INFO     Auth banner: You are about to access a private system. This system is for use of
authorized users only. All connections are logged. Any unauthorized
access or access attempts are punishable to the fullest extent of 
local legislation.


11-02 15:03 paramiko.transport INFO     Authentication (password) successful!
11-02 15:03 paramiko.transport.sftp INFO     [chan 1] Opened sftp connection (server version 3)
11-02 15:03 paramiko.transport.sftp INFO     [chan 1] sftp session closed.
11-02 15:03 paramiko.transport INFO     Connected (version 2.0, client OpenSSH_5.3)
11-02 15:03 paramiko.transport INFO     Auth banner: You are about to access a private system. This system is for use of
authorized users only. All connections are logged. Any unauthorized
access or access attempts are punishable to the fullest extent of 
local legislation.


11-02 15:03 paramiko.transport INFO     Authentication (password) successful!
11-02 15:03 paramiko.transport.sftp INFO     [chan 1] Opened sftp connection (server version 3)
11-02 15:03 paramiko.transport.sftp INFO     [chan 1] sftp session closed.
11-02 15:03 paramiko.transport INFO     Connected (version 2.0, client OpenSSH_5.3)
11-02 15:03 paramiko.transport INFO     Auth banner: You are about to access a private system. This system is for use of
authorized users only. All connections are logged. Any unauthorized
access or access attempts are punishable to the fullest extent of 
local legislation.


11-02 15:03 paramiko.transport INFO     Authentication (password) successful!
11-02 15:03 paramiko.transport.sftp INFO     [chan 1] Opened sftp connection (server version 3)
11-02 15:03 paramiko.transport.sftp INFO     [chan 1] sftp session closed.
11-02 15:03 root         INFO     Down logs in 10.92.27.29
11-02 15:03 paramiko.transport INFO     Connected (version 2.0, client OpenSSH_5.3)
11-02 15:03 paramiko.transport INFO     Auth banner: You are about to access a private system. This system is for use of
authorized users only. All connections are logged. Any unauthorized
access or access attempts are punishable to the fullest extent of 
local legislation.


11-02 15:03 paramiko.transport INFO     Authentication (password) successful!
11-02 15:03 paramiko.transport.sftp INFO     [chan 1] Opened sftp connection (server version 3)
11-02 15:03 paramiko.transport.sftp INFO     [chan 1] sftp session closed.
11-02 15:03 paramiko.transport INFO     Connected (version 2.0, client OpenSSH_5.3)
11-02 15:03 paramiko.transport INFO     Auth banner: You are about to access a private system. This system is for use of
authorized users only. All connections are logged. Any unauthorized
access or access attempts are punishable to the fullest extent of 
local legislation.


11-02 15:03 paramiko.transport INFO     Authentication (password) successful!
11-02 15:03 paramiko.transport.sftp INFO     [chan 1] Opened sftp connection (server version 3)
11-02 15:03 paramiko.transport.sftp INFO     [chan 1] sftp session closed.
11-02 15:03 paramiko.transport INFO     Connected (version 2.0, client OpenSSH_5.3)
11-02 15:03 paramiko.transport INFO     Auth banner: You are about to access a private system. This system is for use of
authorized users only. All connections are logged. Any unauthorized
access or access attempts are punishable to the fullest extent of 
local legislation.


11-02 15:03 paramiko.transport INFO     Authentication (password) successful!
11-02 15:03 paramiko.transport.sftp INFO     [chan 1] Opened sftp connection (server version 3)
11-02 15:03 paramiko.transport.sftp INFO     [chan 1] sftp session closed.
11-02 15:03 root         INFO     Down logs in 10.92.27.30
11-02 15:03 paramiko.transport INFO     Connected (version 2.0, client OpenSSH_5.3)
11-02 15:03 paramiko.transport INFO     Auth banner: You are about to access a private system. This system is for use of
authorized users only. All connections are logged. Any unauthorized
access or access attempts are punishable to the fullest extent of 
local legislation.


11-02 15:03 paramiko.transport INFO     Authentication (password) successful!
11-02 15:03 paramiko.transport.sftp INFO     [chan 1] Opened sftp connection (server version 3)
11-02 15:03 paramiko.transport.sftp INFO     [chan 1] sftp session closed.
11-02 15:03 paramiko.transport INFO     Connected (version 2.0, client OpenSSH_5.3)
11-02 15:03 paramiko.transport INFO     Auth banner: You are about to access a private system. This system is for use of
authorized users only. All connections are logged. Any unauthorized
access or access attempts are punishable to the fullest extent of 
local legislation.


11-02 15:03 paramiko.transport INFO     Authentication (password) successful!
11-02 15:03 paramiko.transport.sftp INFO     [chan 1] Opened sftp connection (server version 3)
11-02 15:03 paramiko.transport.sftp INFO     [chan 1] sftp session closed.
11-02 15:03 paramiko.transport INFO     Connected (version 2.0, client OpenSSH_5.3)
11-02 15:03 paramiko.transport INFO     Auth banner: You are about to access a private system. This system is for use of
authorized users only. All connections are logged. Any unauthorized
access or access attempts are punishable to the fullest extent of 
local legislation.


11-02 15:03 paramiko.transport INFO     Authentication (password) successful!
11-02 15:03 paramiko.transport.sftp INFO     [chan 1] Opened sftp connection (server version 3)
11-02 15:03 paramiko.transport.sftp INFO     [chan 1] sftp session closed.
11-02 15:03 root         INFO     Download logs done.
11-02 15:03 root         INFO     Close mediation trace log start.
11-02 15:03 root         INFO     Download log configure file to local start.
11-02 15:03 paramiko.transport INFO     Connected (version 2.0, client OpenSSH_5.3)
11-02 15:03 paramiko.transport INFO     Auth banner: You are about to access a private system. This system is for use of
authorized users only. All connections are logged. Any unauthorized
access or access attempts are punishable to the fullest extent of 
local legislation.


11-02 15:03 paramiko.transport INFO     Authentication (password) successful!
11-02 15:03 paramiko.transport.sftp INFO     [chan 1] Opened sftp connection (server version 3)
11-02 15:03 paramiko.transport.sftp INFO     [chan 1] sftp session closed.
11-02 15:03 root         INFO     Download log configure file to local done.
11-02 15:03 root         INFO     Close trace log in log4j.xml start.
11-02 15:03 root         INFO     Parse common mediation configure xml file start.
11-02 15:03 root         INFO     Parse common mediation configure xml file done.
11-02 15:03 root         INFO     Close trace log in log4j.xml done.
11-02 15:03 root         INFO     Close the common mediation trace log in 10.92.27.28 start.
11-02 15:03 root         INFO     Upload log configure file to host 10.92.27.28 start.
11-02 15:03 paramiko.transport INFO     Connected (version 2.0, client OpenSSH_5.3)
11-02 15:03 paramiko.transport INFO     Auth banner: You are about to access a private system. This system is for use of
authorized users only. All connections are logged. Any unauthorized
access or access attempts are punishable to the fullest extent of 
local legislation.


11-02 15:03 paramiko.transport INFO     Authentication (password) successful!
11-02 15:03 paramiko.transport.sftp INFO     [chan 1] Opened sftp connection (server version 3)
11-02 15:03 paramiko.transport.sftp INFO     [chan 1] sftp session closed.
11-02 15:03 root         INFO     Login 10.92.27.28 Username: root start.
11-02 15:03 paramiko.transport INFO     Connected (version 2.0, client OpenSSH_5.3)
11-02 15:03 paramiko.transport INFO     Auth banner: You are about to access a private system. This system is for use of
authorized users only. All connections are logged. Any unauthorized
access or access attempts are punishable to the fullest extent of 
local legislation.


11-02 15:03 paramiko.transport INFO     Authentication (password) successful!
11-02 15:03 root         INFO     Login 10.92.27.28 Username: root done.
11-02 15:04 root         INFO     Upload log configure file to host 10.92.27.28 done.
11-02 15:04 root         INFO     Close the common mediation trace log in 10.92.27.28 done.
11-02 15:04 root         INFO     Close the common mediation trace log in 10.92.27.27 start.
11-02 15:04 root         INFO     Upload log configure file to host 10.92.27.27 start.
11-02 15:04 paramiko.transport INFO     Connected (version 2.0, client OpenSSH_5.3)
11-02 15:04 paramiko.transport INFO     Auth banner: You are about to access a private system. This system is for use of
authorized users only. All connections are logged. Any unauthorized
access or access attempts are punishable to the fullest extent of 
local legislation.


11-02 15:04 paramiko.transport INFO     Authentication (password) successful!
11-02 15:04 paramiko.transport.sftp INFO     [chan 1] Opened sftp connection (server version 3)
11-02 15:04 paramiko.transport.sftp INFO     [chan 1] sftp session closed.
11-02 15:04 root         INFO     Login 10.92.27.27 Username: root start.
11-02 15:04 paramiko.transport INFO     Connected (version 2.0, client OpenSSH_5.3)
11-02 15:04 paramiko.transport INFO     Auth banner: You are about to access a private system. This system is for use of
authorized users only. All connections are logged. Any unauthorized
access or access attempts are punishable to the fullest extent of 
local legislation.


11-02 15:04 paramiko.transport INFO     Authentication (password) successful!
11-02 15:04 root         INFO     Login 10.92.27.27 Username: root done.
11-02 15:04 root         INFO     Upload log configure file to host 10.92.27.27 done.
11-02 15:04 root         INFO     Close the common mediation trace log in 10.92.27.27 done.
11-02 15:04 root         INFO     Close the gep mediation trace log in 10.92.27.29 start
11-02 15:04 root         INFO     Change the gep log level in 10.92.27.29 start.
11-02 15:04 root         INFO     Login 10.92.27.29 Username: root start.
11-02 15:04 paramiko.transport INFO     Connected (version 2.0, client OpenSSH_5.3)
11-02 15:04 paramiko.transport INFO     Auth banner: You are about to access a private system. This system is for use of
authorized users only. All connections are logged. Any unauthorized
access or access attempts are punishable to the fullest extent of 
local legislation.


11-02 15:04 paramiko.transport INFO     Authentication (password) successful!
11-02 15:04 root         INFO     Login 10.92.27.29 Username: root done.
11-02 15:04 root         INFO     Change the gep log level in 10.92.27.29 done.
11-02 15:04 root         INFO     Close the gep mediation trace log in 10.92.27.29 done
11-02 15:04 root         INFO     Close the gep mediation trace log in 10.92.27.30 start
11-02 15:04 root         INFO     Change the gep log level in 10.92.27.30 start.
11-02 15:04 root         INFO     Login 10.92.27.30 Username: root start.
11-02 15:04 paramiko.transport INFO     Connected (version 2.0, client OpenSSH_5.3)
11-02 15:04 paramiko.transport INFO     Auth banner: You are about to access a private system. This system is for use of
authorized users only. All connections are logged. Any unauthorized
access or access attempts are punishable to the fullest extent of 
local legislation.


11-02 15:04 paramiko.transport INFO     Authentication (password) successful!
11-02 15:04 root         INFO     Login 10.92.27.30 Username: root done.
11-02 15:04 root         INFO     Change the gep log level in 10.92.27.30 done.
11-02 15:04 root         INFO     Close the gep mediation trace log in 10.92.27.30 done
11-02 15:04 root         INFO     Close mediation trace log done.
11-02 15:04 root         INFO     Close the remote connection start.
11-02 15:04 root         INFO     Close the remote connection done.
11-02 15:04 root         INFO     Check integration logs start.
11-02 15:04 root         INFO     Get integration logs content start.
11-02 15:04 root         INFO     Get service name from log name: common_mediation_clab1324node05_oss_trace0_0.log
11-02 15:04 root         INFO     Get service name: common_mediation
11-02 15:04 root         INFO     Get service name from log name: common_mediation_clab1421node14_oss_trace0_0.log
11-02 15:04 root         INFO     Get service name: common_mediation
11-02 15:04 root         INFO     Get service name from log name: common_mediation_clab1421node15_oss_trace0_0.log
11-02 15:04 root         INFO     Get service name: common_mediation
11-02 15:04 root         INFO     Get service name from log name: common_mediation_clab252node14_oss_trace0_0.log
11-02 15:04 root         INFO     Get service name: common_mediation
11-02 15:04 root         INFO     Get service name from log name: common_mediation_clab252node15_oss_trace0_0.log
11-02 15:04 root         INFO     Get service name: common_mediation
11-02 15:04 root         INFO     Get service name from log name: gep_clab1324node06_oss_trace0_0.log
11-02 15:04 root         INFO     Get service name: gep
11-02 15:04 root         INFO     Get service name from log name: gep_clab1421node16_oss_trace0_0.log
11-02 15:04 root         INFO     Get service name: gep
11-02 15:04 root         INFO     Get service name from log name: gep_clab1421node17_oss_trace0_0.log
11-02 15:04 root         INFO     Get service name: gep
11-02 15:04 root         INFO     Get service name from log name: gep_clab252node16_oss_trace0_0.log
11-02 15:04 root         INFO     Get service name: gep
11-02 15:04 root         INFO     Get service name from log name: gep_clab252node17_oss_trace0_0.log
11-02 15:04 root         INFO     Get service name: gep
11-02 15:04 root         INFO     Get integration logs content done.
11-02 15:04 root         INFO     Get key information start.
11-02 15:04 root         INFO     Get key information done.
11-02 15:04 root         INFO     Check check points in checklist file start.
11-02 15:04 root         INFO     Check :Registration started for agent <SBTS_DN> started  ip address :: <SBTS_HOST>
11-02 15:04 root         INFO     get check string: Registration started for agent PLMN-PLMN/SBTS-403 started  ip address :: 10.56.99.85
11-02 15:04 root         INFO     check [NE3S]check register start start.
11-02 15:04 root         INFO     check [NE3S]check register start done.
11-02 15:04 root         INFO     Check :Registration started for agent <SBTS_DN> started  ip address :: <SBTS_HOST>
11-02 15:04 root         INFO     get check string: Registration started for agent PLMN-PLMN/SBTS-403 started  ip address :: 10.56.99.85
11-02 15:04 root         INFO     Registration started for agent PLMN-PLMN/SBTS-403 started  ip address :: 10.56.99.85
